hup: Command not found.
 LAPW0 END
 LAPW1 END
 LAPW1 END
 LAPW2 END
 LAPW2 END
 CORE  END
 CORE  END
 MIXER END
in cycle 2    ETEST: .0172097000000000   CTEST: .1936076
hup: Command not found.
 LAPW0 END
 LAPW1 END
 LAPW1 END
 LAPW2 END
 LAPW2 END
 CORE  END
 CORE  END
 MIXER END
in cycle 3    ETEST: .0147611900000000   CTEST: 2.1061654
hup: Command not found.
 LAPW0 END
 LAPW1 END
 LAPW1 END
 LAPW2 END
 LAPW2 END
 CORE  END
 CORE  END
 MIXER END
in cycle 4    ETEST: .0030425200000000   CTEST: .9940369
hup: Command not found.
 LAPW0 END
 LAPW1 END
 LAPW1 END
 LAPW2 END
 LAPW2 END
 CORE  END
 CORE  END
 MIXER END
in cycle 5    ETEST: .0035671000000000   CTEST: .0650297
hup: Command not found.
 LAPW0 END
 LAPW1 END
 LAPW1 END
 LAPW2 END
 LAPW2 END
 CORE  END
 CORE  END
 MIXER END
in cycle 6    ETEST: .0038307600000000   CTEST: .3001026
hup: Command not found.
 LAPW0 END
 LAPW1 END
 LAPW1 END
 LAPW2 END
 LAPW2 END
 CORE  END
 CORE  END
 MIXER END
in cycle 7    ETEST: .1677527200000000   CTEST: 2.6953748
hup: Command not found.
 LAPW0 END
 LAPW1 END
 LAPW1 END
 LAPW2 END
 LAPW2 END
 CORE  END
 CORE  END
 MIXER END
in cycle 8    ETEST: .0828221650000000   CTEST: 2.5128108
hup: Command not found.
 LAPW0 END
 LAPW1 END
 LAPW1 END
 LAPW2 END
 LAPW2 END
 CORE  END
 CORE  END
 MIXER END
in cycle 9    ETEST: .0746310300000000   CTEST: 2.5062433
hup: Command not found.
 LAPW0 END
 LAPW1 END
 LAPW1 END
 LAPW2 END
 LAPW2 END
 CORE  END
 CORE  END
 MIXER END
in cycle 10    ETEST: .0079178900000000   CTEST: 2.5207952
hup: Command not found.
 LAPW0 END
 LAPW1 END
 LAPW1 END
 LAPW2 END
 LAPW2 END
 CORE  END
 CORE  END
 MIXER END
in cycle 11    ETEST: .0719312300000000   CTEST: 2.6486425
hup: Command not found.
 LAPW0 END
 LAPW1 END
 LAPW1 END
 LAPW2 END
 LAPW2 END
 CORE  END
 CORE  END
 MIXER END
in cycle 12    ETEST: .0388197050000000   CTEST: 2.7051391
hup: Command not found.
 LAPW0 END
 LAPW1 END
 LAPW1 END
 LAPW2 END
 LAPW2 END
 CORE  END
 CORE  END
 MIXER END
in cycle 13    ETEST: .0775137300000000   CTEST: 2.3282802
hup: Command not found.
 LAPW0 END
 LAPW1 END
 LAPW1 END
 LAPW2 END
 LAPW2 END
 CORE  END
 CORE  END
 MIXER END
in cycle 14    ETEST: .0401134150000000   CTEST: 2.6566913
hup: Command not found.
 LAPW0 END
 LAPW1 END
 LAPW1 END
 LAPW2 END
 LAPW2 END
 CORE  END
 CORE  END
 MIXER END
in cycle 15    ETEST: .0536739450000000   CTEST: 1.0227414
hup: Command not found.
 LAPW0 END
 LAPW1 END
 LAPW1 END
 LAPW2 END
 LAPW2 END
 CORE  END
 CORE  END
 MIXER END
in cycle 16    ETEST: .0678109850000000   CTEST: .4355077
hup: Command not found.
 LAPW0 END
 LAPW1 END
 LAPW1 END
 LAPW2 END
 LAPW2 END
 CORE  END
 CORE  END
 MIXER END
in cycle 17    ETEST: .0807023200000000   CTEST: 2.8523720
hup: Command not found.
 LAPW0 END
 LAPW1 END
 LAPW1 END
 LAPW2 END
 LAPW2 END
 CORE  END
 CORE  END
 MIXER END
in cycle 18    ETEST: .0616078750000000   CTEST: 2.8228778
hup: Command not found.
 LAPW0 END
 LAPW1 END
 LAPW1 END
 LAPW2 END
 LAPW2 END
 CORE  END
 CORE  END
 MIXER END
in cycle 19    ETEST: .0431242250000000   CTEST: 1.0850405
hup: Command not found.
 LAPW0 END
 LAPW1 END
 LAPW1 END
 LAPW2 END
 LAPW2 END
 CORE  END
 CORE  END
 MIXER END
in cycle 20    ETEST: .0364410350000000   CTEST: 1.0626516
hup: Command not found.
 LAPW0 END
 LAPW1 END
 LAPW1 END
 LAPW2 END
 LAPW2 END
 CORE  END
 CORE  END
 MIXER END
in cycle 21    ETEST: .0858406300000000   CTEST: 1.1412972
hup: Command not found.
 LAPW0 END
 LAPW1 END
 LAPW1 END
 LAPW2 END
 LAPW2 END
 CORE  END
 CORE  END
 MIXER END
in cycle 22    ETEST: .0481833700000000   CTEST: 2.8512956
hup: Command not found.
 LAPW0 END
 LAPW1 END
 LAPW1 END
 LAPW2 END
 LAPW2 END
 CORE  END
 CORE  END
 MIXER END
in cycle 23    ETEST: .1572492850000000   CTEST: .5014796
hup: Command not found.
 LAPW0 END
 LAPW1 END
 LAPW1 END
 LAPW2 END
 LAPW2 END
 CORE  END
 CORE  END
 MIXER END
in cycle 24    ETEST: .0584768700000000   CTEST: .6052673
hup: Command not found.
 LAPW0 END
 LAPW1 END
 LAPW1 END
 LAPW2 END
 LAPW2 END
 CORE  END
 CORE  END
 MIXER END
in cycle 25    ETEST: .0359254950000000   CTEST: .8807957
hup: Command not found.
 LAPW0 END
 LAPW1 END
 LAPW1 END
 LAPW2 END
 LAPW2 END
 CORE  END
 CORE  END
 MIXER END
in cycle 26    ETEST: .0243701200000000   CTEST: .5743832
hup: Command not found.
 LAPW0 END
 LAPW1 END
 LAPW1 END
 LAPW2 END
 LAPW2 END
 CORE  END
 CORE  END
 MIXER END
in cycle 27    ETEST: .0208856100000000   CTEST: .6017396
hup: Command not found.
 LAPW0 END
 LAPW1 END
 LAPW1 END
 LAPW2 END
 LAPW2 END
 CORE  END
 CORE  END
 MIXER END
in cycle 28    ETEST: .1042543800000000   CTEST: 1.0632162
hup: Command not found.
 LAPW0 END
 LAPW1 END
 LAPW1 END
 LAPW2 END
 LAPW2 END
 CORE  END
 CORE  END
 MIXER END
in cycle 29    ETEST: .0532454350000000   CTEST: 1.6771338
hup: Command not found.
 LAPW0 END
 LAPW1 END
 LAPW1 END
 LAPW2 END
 LAPW2 END
 CORE  END
 CORE  END
 MIXER END
in cycle 30    ETEST: .0551992800000000   CTEST: 1.3228487
hup: Command not found.
 LAPW0 END
 LAPW1 END
 LAPW1 END
 LAPW2 END
 LAPW2 END
 CORE  END
 CORE  END
 MIXER END
in cycle 31    ETEST: .0071645900000000   CTEST: .8546206
hup: Command not found.
 LAPW0 END
 LAPW1 END
 LAPW1 END
 LAPW2 END
 LAPW2 END
 CORE  END
 CORE  END
 MIXER END
in cycle 32    ETEST: .0432010800000000   CTEST: 2.8130613
hup: Command not found.
 LAPW0 END
 LAPW1 END
 LAPW1 END
 LAPW2 END
 LAPW2 END
 CORE  END
 CORE  END
 MIXER END
in cycle 33    ETEST: .0240420050000000   CTEST: 2.8240404
hup: Command not found.
 LAPW0 END
 LAPW1 END
 LAPW1 END
 LAPW2 END
 LAPW2 END
 CORE  END
 CORE  END
 MIXER END
in cycle 34    ETEST: .0361247500000000   CTEST: 1.8017983
hup: Command not found.
 LAPW0 END
 LAPW1 END
 LAPW1 END
 LAPW2 END
 LAPW2 END
 CORE  END
 CORE  END
 MIXER END
in cycle 35    ETEST: .0183444200000000   CTEST: 2.7627389
hup: Command not found.
 LAPW0 END
 LAPW1 END
 LAPW1 END
 LAPW2 END
 LAPW2 END
 CORE  END
 CORE  END
 MIXER END
in cycle 36    ETEST: .0143420900000000   CTEST: 1.2873234
hup: Command not found.
 LAPW0 END
 LAPW1 END
 LAPW1 END
 LAPW2 END
 LAPW2 END
 CORE  END
 CORE  END
 MIXER END
in cycle 37    ETEST: .0160488050000000   CTEST: .5441139
hup: Command not found.
 LAPW0 END
 LAPW1 END
 LAPW1 END
 LAPW2 END
 LAPW2 END
 CORE  END
 CORE  END
 MIXER END
in cycle 38    ETEST: .0136866950000000   CTEST: 2.6243660
hup: Command not found.
 LAPW0 END
 LAPW1 END
 LAPW1 END
 LAPW2 END
 LAPW2 END
 CORE  END
 CORE  END
 MIXER END
in cycle 39    ETEST: .1206079650000000   CTEST: 2.9492273
hup: Command not found.
 LAPW0 END
 LAPW1 END
 LAPW1 END
 LAPW2 END
 LAPW2 END
 CORE  END
 CORE  END
 MIXER END
in cycle 40    ETEST: .0561906700000000   CTEST: 2.7812397
hup: Command not found.
 LAPW0 END
 LAPW1 END
 LAPW1 END
 LAPW2 END
 LAPW2 END
 CORE  END
 CORE  END
 MIXER END

>   energy in SCF NOT CONVERGED
hup: Command not found.
 LAPW0 END
 LAPW1 END
 LAPW1 END
 LAPW2 END
 LAPW2 END
 CORE  END
 CORE  END
 MIXER END
in cycle 2    ETEST: .0221201100000000   CTEST: 2.8640049
hup: Command not found.
 LAPW0 END
 LAPW1 END
 LAPW1 END
 LAPW2 END
 LAPW2 END
 CORE  END
 CORE  END
 MIXER END
in cycle 3    ETEST: .0744014800000000   CTEST: 2.6959713
hup: Command not found.
 LAPW0 END
 LAPW1 END
 LAPW1 END
 LAPW2 END
 LAPW2 END
 CORE  END
 CORE  END
 MIXER END
in cycle 4    ETEST: .0541607350000000   CTEST: .4154000
hup: Command not found.
 LAPW0 END
 LAPW1 END
 LAPW1 END
 LAPW2 END
 LAPW2 END
 CORE  END
 CORE  END
 MIXER END
in cycle 5    ETEST: .0457523800000000   CTEST: .4147902
hup: Command not found.
 LAPW0 END
 LAPW1 END
 LAPW1 END
 LAPW2 END
 LAPW2 END
 CORE  END
 CORE  END
 MIXER END
in cycle 6    ETEST: .0045991750000000   CTEST: .3972024
hup: Command not found.
 LAPW0 END
 LAPW1 END
 LAPW1 END
 LAPW2 END
 LAPW2 END
 CORE  END
 CORE  END
 MIXER END
in cycle 7    ETEST: .0514667600000000   CTEST: 2.8809389
hup: Command not found.
 LAPW0 END
 LAPW1 END
 LAPW1 END
 LAPW2 END
 LAPW2 END
 CORE  END
 CORE  END
 MIXER END
in cycle 8    ETEST: .0264870150000000   CTEST: .3970541
hup: Command not found.
 LAPW0 END
 LAPW1 END
 LAPW1 END
 LAPW2 END
 LAPW2 END
 CORE  END
 CORE  END
 MIXER END
in cycle 9    ETEST: .0245254300000000   CTEST: .4176200
hup: Command not found.
 LAPW0 END
 LAPW1 END
 LAPW1 END
 LAPW2 END
 LAPW2 END
 CORE  END
 CORE  END
 MIXER END
in cycle 10    ETEST: .0014377450000000   CTEST: .4092866
hup: Command not found.
 LAPW0 END
 LAPW1 END
 LAPW1 END
 LAPW2 END
 LAPW2 END
 CORE  END
 CORE  END
 MIXER END
in cycle 11    ETEST: .0022704650000000   CTEST: .3957986
hup: Command not found.
 LAPW0 END
 LAPW1 END
 LAPW1 END
 LAPW2 END
 LAPW2 END
 CORE  END
 CORE  END
 MIXER END
in cycle 12    ETEST: .0008524000000000   CTEST: .3991449
hup: Command not found.
 LAPW0 END
 LAPW1 END
 LAPW1 END
 LAPW2 END
 LAPW2 END
 CORE  END
 CORE  END
 MIXER END
in cycle 13    ETEST: .0008314700000000   CTEST: .3880680
hup: Command not found.
 LAPW0 END
 LAPW1 END
 LAPW1 END
 LAPW2 END
 LAPW2 END
 CORE  END
 CORE  END
 MIXER END
in cycle 14    ETEST: .0012018500000000   CTEST: .3801311
hup: Command not found.
 LAPW0 END
 LAPW1 END
 LAPW1 END
 LAPW2 END
 LAPW2 END
 CORE  END
 CORE  END
 MIXER END
in cycle 15    ETEST: .0034484600000000   CTEST: .3305734
hup: Command not found.
 LAPW0 END
 LAPW1 END
 LAPW1 END
 LAPW2 END
 LAPW2 END
 CORE  END
 CORE  END
 MIXER END
in cycle 16    ETEST: .0015578600000000   CTEST: .3557584
hup: Command not found.
 LAPW0 END
 LAPW1 END
 LAPW1 END
 LAPW2 END
 LAPW2 END
 CORE  END
 CORE  END
 MIXER END
in cycle 17    ETEST: .1859357250000000   CTEST: 3.0424082
hup: Command not found.
 LAPW0 END
 LAPW1 END
 LAPW1 END
 LAPW2 END
 LAPW2 END
 CORE  END
 CORE  END
 MIXER END
in cycle 18    ETEST: .0931058750000000   CTEST: 1.2625766
hup: Command not found.
 LAPW0 END
 LAPW1 END
 LAPW1 END
 LAPW2 END
 LAPW2 END
 CORE  END
 CORE  END
 MIXER END
in cycle 19    ETEST: .0928979150000000   CTEST: .3769491
hup: Command not found.
 LAPW0 END
 LAPW1 END
 LAPW1 END
 LAPW2 END
 LAPW2 END
 CORE  END
 CORE  END
 MIXER END
in cycle 20    ETEST: .0012339250000000   CTEST: .3578177
hup: Command not found.
 LAPW0 END
 LAPW1 END
 LAPW1 END
 LAPW2 END
 LAPW2 END
 CORE  END
 CORE  END
 MIXER END
in cycle 21    ETEST: .0249992450000000   CTEST: 2.6540652
hup: Command not found.
 LAPW0 END
 LAPW1 END
 LAPW1 END
 LAPW2 END
 LAPW2 END
 CORE  END
 CORE  END
 MIXER END
in cycle 22    ETEST: .0129713550000000   CTEST: .4142291
hup: Command not found.
 LAPW0 END
 LAPW1 END
 LAPW1 END
 LAPW2 END
 LAPW2 END
 CORE  END
 CORE  END
 MIXER END
in cycle 23    ETEST: .0174112200000000   CTEST: .9228257
hup: Command not found.
 LAPW0 END
 LAPW1 END
 LAPW1 END
 LAPW2 END
 LAPW2 END
 CORE  END
 CORE  END
 MIXER END
in cycle 24    ETEST: .0037074250000000   CTEST: .3832356
hup: Command not found.
 LAPW0 END
 LAPW1 END
 LAPW1 END
 LAPW2 END
 LAPW2 END
 CORE  END
 CORE  END
 MIXER END
in cycle 25    ETEST: .0325189900000000   CTEST: 2.6430553
hup: Command not found.
 LAPW0 END
 LAPW1 END
 LAPW1 END
 LAPW2 END
 LAPW2 END
 CORE  END
 CORE  END
 MIXER END
in cycle 26    ETEST: .0152804950000000   CTEST: .4672263
hup: Command not found.
 LAPW0 END
 LAPW1 END
 LAPW1 END
 LAPW2 END
 LAPW2 END
 CORE  END
 CORE  END
 MIXER END
in cycle 27    ETEST: .0120839350000000   CTEST: 2.5778946
hup: Command not found.
 LAPW0 END
 LAPW1 END
 LAPW1 END
 LAPW2 END
 LAPW2 END
 CORE  END
 CORE  END
 MIXER END
in cycle 28    ETEST: .0083570650000000   CTEST: .3988281
hup: Command not found.
 LAPW0 END
 LAPW1 END
 LAPW1 END
 LAPW2 END
 LAPW2 END
 CORE  END
 CORE  END
 MIXER END
in cycle 29    ETEST: .0083618050000000   CTEST: 2.8290135
hup: Command not found.
 LAPW0 END
 LAPW1 END
 LAPW1 END
 LAPW2 END
 LAPW2 END
 CORE  END
 CORE  END
 MIXER END
in cycle 30    ETEST: .0089402850000000   CTEST: .3546671
hup: Command not found.
 LAPW0 END
 LAPW1 END
 LAPW1 END
 LAPW2 END
 LAPW2 END
 CORE  END
 CORE  END
 MIXER END
in cycle 31    ETEST: .0220545000000000   CTEST: 2.9282061
hup: Command not found.
 LAPW0 END
 LAPW1 END
 LAPW1 END
 LAPW2 END
 LAPW2 END
 CORE  END
 CORE  END
 MIXER END
in cycle 32    ETEST: .0148797750000000   CTEST: 2.9188647
hup: Command not found.
 LAPW0 END
 LAPW1 END
 LAPW1 END
 LAPW2 END
 LAPW2 END
 CORE  END
 CORE  END
 MIXER END
in cycle 33    ETEST: .0348012050000000   CTEST: 2.9568847
hup: Command not found.
 LAPW0 END
 LAPW1 END
 LAPW1 END
 LAPW2 END
 LAPW2 END
 CORE  END
 CORE  END
 MIXER END
in cycle 34    ETEST: .0198575200000000   CTEST: 2.9233835
hup: Command not found.
 LAPW0 END
 LAPW1 END
 LAPW1 END
 LAPW2 END
 LAPW2 END
 CORE  END
 CORE  END
 MIXER END
in cycle 35    ETEST: .0383021550000000   CTEST: 1.8738073
hup: Command not found.
 LAPW0 END
 LAPW1 END
 LAPW1 END
 LAPW2 END
 LAPW2 END
 CORE  END
 CORE  END
 MIXER END
in cycle 36    ETEST: .0151074150000000   CTEST: .3792791
hup: Command not found.
 LAPW0 END
 LAPW1 END
 LAPW1 END
 LAPW2 END
 LAPW2 END
 CORE  END
 CORE  END
 MIXER END
in cycle 37    ETEST: .0018462950000000   CTEST: .4095822
hup: Command not found.
 LAPW0 END
 LAPW1 END
 LAPW1 END
 LAPW2 END
 LAPW2 END
 CORE  END
 CORE  END
 MIXER END
in cycle 38    ETEST: .0015862050000000   CTEST: .4114087
hup: Command not found.
 LAPW0 END
 LAPW1 END
 LAPW1 END
 LAPW2 END
 LAPW2 END
 CORE  END
 CORE  END
 MIXER END
in cycle 39    ETEST: .0005416700000000   CTEST: .4158586
hup: Command not found.
 LAPW0 END
 LAPW1 END
 LAPW1 END
 LAPW2 END
 LAPW2 END
 CORE  END
 CORE  END
 MIXER END
in cycle 40    ETEST: .0009125600000000   CTEST: .4231117
hup: Command not found.
 LAPW0 END
 LAPW1 END
 LAPW1 END
 LAPW2 END
 LAPW2 END
 CORE  END
 CORE  END
 MIXER END

>   energy in SCF NOT CONVERGED
hup: Command not found.
 LAPW0 END
 LAPW1 END
 LAPW1 END
 LAPW2 END
 LAPW2 END
 CORE  END
 CORE  END
 MIXER END
in cycle 2    ETEST: 2.6800926900000000   CTEST: 1.4962594
hup: Command not found.
 LAPW0 END
 LAPW1 END
 LAPW1 END
 LAPW2 END
 LAPW2 END
 CORE  END
 CORE  END
 MIXER END
in cycle 3    ETEST: 1.1439010650000000   CTEST: 1.0199122
hup: Command not found.
 LAPW0 END
 LAPW1 END
 LAPW1 END
 LAPW2 END
 LAPW2 END
 CORE  END
 CORE  END
 MIXER END
in cycle 4    ETEST: .3275202750000000   CTEST: .5253343
hup: Command not found.
 LAPW0 END
 LAPW1 END
 LAPW1 END
 LAPW2 END
 LAPW2 END
 CORE  END
 CORE  END
 MIXER END
in cycle 5    ETEST: .7645410600000000   CTEST: 2.6719056
hup: Command not found.
 LAPW0 END
 LAPW1 END
 LAPW1 END
 LAPW2 END
 LAPW2 END
 CORE  END
 CORE  END
 MIXER END
in cycle 6    ETEST: .4423658750000000   CTEST: 2.5957083
hup: Command not found.
 LAPW0 END
 LAPW1 END
 LAPW1 END
 LAPW2 END
 LAPW2 END
 CORE  END
 CORE  END
 MIXER END
in cycle 7    ETEST: .5508105850000000   CTEST: .9095412
hup: Command not found.
 LAPW0 END
 LAPW1 END
 LAPW1 END
 LAPW2 END
 LAPW2 END
 CORE  END
 CORE  END
 MIXER END
in cycle 8    ETEST: .3674253200000000   CTEST: 1.1594495
hup: Command not found.
 LAPW0 END
 LAPW1 END
 LAPW1 END
 LAPW2 END
 LAPW2 END
 CORE  END
 CORE  END
 MIXER END
in cycle 9    ETEST: .1176465500000000   CTEST: 1.0697909
hup: Command not found.
 LAPW0 END
 LAPW1 END
 LAPW1 END
 LAPW2 END
 LAPW2 END
 CORE  END
 CORE  END
 MIXER END
in cycle 10    ETEST: .1407538100000000   CTEST: .8638884
hup: Command not found.
 LAPW0 END
 LAPW1 END
 LAPW1 END
 LAPW2 END
 LAPW2 END
 CORE  END
 CORE  END
 MIXER END
in cycle 11    ETEST: .0549919650000000   CTEST: .8280497
hup: Command not found.
 LAPW0 END
 LAPW1 END
 LAPW1 END
 LAPW2 END
 LAPW2 END
 CORE  END
 CORE  END
 MIXER END
in cycle 12    ETEST: .1625867100000000   CTEST: .1486908
hup: Command not found.
 LAPW0 END
 LAPW1 END
 LAPW1 END
 LAPW2 END
 LAPW2 END
 CORE  END
 CORE  END
 MIXER END
in cycle 13    ETEST: .0816909050000000   CTEST: .6919584
hup: Command not found.
 LAPW0 END
 LAPW1 END
 LAPW1 END
 LAPW2 END
 LAPW2 END
 CORE  END
 CORE  END
 MIXER END
in cycle 14    ETEST: .0333613550000000   CTEST: .3014393
hup: Command not found.
 LAPW0 END
 LAPW1 END
 LAPW1 END
 LAPW2 END
 LAPW2 END
 CORE  END
 CORE  END
 MIXER END
in cycle 15    ETEST: .1589273350000000   CTEST: 1.2651699
hup: Command not found.
 LAPW0 END
 LAPW1 END
 LAPW1 END
 LAPW2 END
 LAPW2 END
 CORE  END
 CORE  END
 MIXER END
in cycle 16    ETEST: .1969092400000000   CTEST: 1.4996767
hup: Command not found.
 LAPW0 END
 LAPW1 END
 LAPW1 END
 LAPW2 END
 LAPW2 END
 CORE  END
 CORE  END
 MIXER END
in cycle 17    ETEST: .0963151350000000   CTEST: 1.1962284
hup: Command not found.
 LAPW0 END
 LAPW1 END
 LAPW1 END
 LAPW2 END
 LAPW2 END
 CORE  END
 CORE  END
 MIXER END
in cycle 18    ETEST: .2373913050000000   CTEST: .1782302
hup: Command not found.
 LAPW0 END
 LAPW1 END
 LAPW1 END
 LAPW2 END
 LAPW2 END
 CORE  END
 CORE  END
 MIXER END
in cycle 19    ETEST: .0849070700000000   CTEST: .1651427
hup: Command not found.
 LAPW0 END
 LAPW1 END
 LAPW1 END
 LAPW2 END
 LAPW2 END
 CORE  END
 CORE  END
 MIXER END
in cycle 20    ETEST: .0073320800000000   CTEST: .0677153
hup: Command not found.
 LAPW0 END
 LAPW1 END
 LAPW1 END
 LAPW2 END
 LAPW2 END
 CORE  END
 CORE  END
 MIXER END
in cycle 21    ETEST: .0036259300000000   CTEST: .0061227
hup: Command not found.
 LAPW0 END
 LAPW1 END
 LAPW1 END
 LAPW2 END
 LAPW2 END
 CORE  END
 CORE  END
 MIXER END
in cycle 22    ETEST: .0004372200000000   CTEST: .0031997
hup: Command not found.
 LAPW0 END
 LAPW1 END
 LAPW1 END
 LAPW2 END
 LAPW2 END
 CORE  END
 CORE  END
 MIXER END
in cycle 23    ETEST: .0000327700000000   CTEST: .0020004
hup: Command not found.
 LAPW0 END
 LAPW1 END
 LAPW1 END
 LAPW2 END
 LAPW2 END
 CORE  END
 CORE  END
 MIXER END
in cycle 24    ETEST: .0000034250000000   CTEST: .0008067
hup: Command not found.
 LAPW0 END
 LAPW1 END
 LAPW1 END
 LAPW2 END
 LAPW2 END
 CORE  END
 CORE  END
 MIXER END
in cycle 25    ETEST: .0000001500000000   CTEST: .0009421
hup: Command not found.
 LAPW0 END
 LAPW1 END
 LAPW1 END
 LAPW2 END
 LAPW2 END
 CORE  END
 CORE  END
 MIXER END
in cycle 26    ETEST: .0000001350000000   CTEST: .0004955
hup: Command not found.
 LAPW0 END
 LAPW1 END
 LAPW1 END
 LAPW2 END
 LAPW2 END
 CORE  END
 CORE  END
 MIXER END
in cycle 27    ETEST: .0000019650000000   CTEST: .0000506
hup: Command not found.
 LAPW0 END
 LAPW1 END
 LAPW1 END
 LAPW2 END
 LAPW2 END
 CORE  END
 CORE  END
 MIXER END

>   stop
 LAPW0 END
0.8u 0.0s 0:00.97 89.6% 0+0k 4584+1264io 13pf+0w
 LAPW1 END
17.3u 0.5s 0:04.68 382.9% 0+0k 208+27064io 1pf+0w
 LAPW1 END
17.8u 0.6s 0:04.85 379.3% 0+0k 0+26896io 0pf+0w
 LAPW2 END
4.1u 0.1s 0:01.49 287.9% 0+0k 8+33352io 0pf+0w
 LAPW2 END
5.7u 0.1s 0:01.90 310.5% 0+0k 0+33384io 0pf+0w
 LAPW0 END
0.6u 0.0s 0:00.91 69.2% 0+0k 8216+1256io 18pf+0w
 LAPW1 END
18.5u 0.5s 0:05.23 365.3% 0+0k 17792+26832io 92pf+0w
 LAPW1 END
17.2u 0.5s 0:04.70 377.4% 0+0k 8+26800io 0pf+0w
 LAPW2 END
5.9u 0.1s 0:02.11 290.9% 0+0k 48+33368io 1pf+0w
 LAPW2 END
5.7u 0.1s 0:01.93 308.2% 0+0k 40+33360io 0pf+0w
 LAPW0 END
0.6u 0.0s 0:00.63 98.4% 0+0k 0+1256io 0pf+0w
 LAPW1 END
19.4u 0.5s 0:05.05 395.8% 0+0k 0+26856io 0pf+0w
 LAPW1 END
20.5u 0.6s 0:05.48 385.2% 0+0k 0+26832io 0pf+0w
 LAPW2 END
4.2u 0.0s 0:01.49 288.5% 0+0k 0+33360io 0pf+0w
 LAPW2 END
4.2u 0.1s 0:01.49 291.9% 0+0k 8+33360io 0pf+0w
hup: Command not found.
 LAPW0 END
    full diagonalization forced
rm: No match.
 LAPW1 END
 LAPW1 END
 LAPW2 END
 LAPW2 END
 CORE  END
 CORE  END
 MIXER END
in cycle 2    ETEST: 0   CTEST: 0
hup: Command not found.
 LAPW0 END
 LAPW1 END
 LAPW1 END
 LAPW2 END
 LAPW2 END
 CORE  END
 CORE  END
 MIXER END
in cycle 3    ETEST: 0   CTEST: 0
hup: Command not found.
 LAPW0 END
 LAPW1 END
 LAPW1 END
 LAPW2 END
 LAPW2 END
 CORE  END
 CORE  END
 MIXER END
in cycle 4    ETEST: .0000094900000000   CTEST: .0004076
hup: Command not found.
 LAPW0 END
 LAPW1 END
 LAPW1 END
 LAPW2 END
 LAPW2 END
 CORE  END
 CORE  END
 MIXER END
in cycle 5    ETEST: .0000213900000000   CTEST: .0033257
hup: Command not found.
 LAPW0 END
 LAPW1 END
 LAPW1 END
 LAPW2 END
 LAPW2 END
 CORE  END
 CORE  END
 MIXER END
in cycle 6    ETEST: .0000086850000000   CTEST: .0001088
hup: Command not found.
 LAPW0 END
 LAPW1 END
 LAPW1 END
 LAPW2 END
 LAPW2 END
 CORE  END
 CORE  END
 MIXER END

>   stop
 LAPW0 END
0.6u 0.0s 0:00.67 98.5% 0+0k 0+1256io 0pf+0w
 LAPW1 END
18.0u 0.5s 0:04.90 378.7% 0+0k 8+26840io 0pf+0w
 LAPW1 END
20.5u 0.7s 0:05.67 375.8% 0+0k 8+26824io 0pf+0w
 LAPW2 END
7.2u 0.2s 0:02.71 276.0% 0+0k 8+33352io 0pf+0w
 LAPW2 END
7.1u 0.2s 0:02.73 272.1% 0+0k 8+33376io 0pf+0w
hup: Command not found.
cat: /home/afonso/WIEN2k_16/VERSION: No such file or directory
cat: /home/afonso/WIEN2k_16/VERSION: No such file or directory
lacoo3.broyd* files present ! You did not save_lapw a previous clculation.
You have 60 seconds to kill this job ( ^C   or   kill 1714 )
or the script will rm *.broyd* and continue (use -NI to avoid automatic rm)
STOP  LAPW0 END
Note: The following floating-point exceptions are signalling: IEEE_DENORMAL
STOP  LAPW1 END
Note: The following floating-point exceptions are signalling: IEEE_DENORMAL
STOP  LAPW1 END
STOP  LAPW2 END
Unmatched ".
STOP  LAPW2 END
Unmatched ".
STOP  CORE  END
STOP  CORE  END
STOP  MIXER END

>   stop
hup: Command not found.
cat: /home/afonso/WIEN2k_16/VERSION: No such file or directory
cat: /home/afonso/WIEN2k_16/VERSION: No such file or directory
lacoo3.broyd* files present ! You did not save_lapw a previous clculation.
You have 60 seconds to kill this job ( ^C   or   kill 19480 )
or the script will rm *.broyd* and continue (use -NI to avoid automatic rm)
STOP  LAPW0 END
Note: The following floating-point exceptions are signalling: IEEE_DENORMAL
STOP  LAPW1 END
Note: The following floating-point exceptions are signalling: IEEE_DENORMAL
STOP  LAPW1 END
STOP  LAPW2 END
Unmatched ".
STOP  LAPW2 END
Unmatched ".
STOP  CORE  END
STOP  CORE  END
STOP  MIXER END

>   energy in SCF NOT CONVERGED
